# JRE version: Java(TM) SE Runtime Environment (17.0.7+8) (build 17.0.7+8-LTS-224)
# Java VM: Java HotSpot(TM) 64-Bit Server VM (17.0.7+8-LTS-224, mixed mode, sharing, tiered, compressed oops, compressed class ptrs, g1 gc, windows-amd64)
GC Precious Log:
 CPUs: 12 total, 12 available
 Memory: 15762M
 Large Page Support: Disabled
 NUMA Support: Disabled
 Compressed Oops: Enabled (Zero based)
 Heap Region Size: 2M
 Heap Min Capacity: 8M
 Heap Initial Capacity: 248M
 Heap Max Capacity: 3G
 Pre-touch: Disabled
 Parallel Workers: 10
 Concurrent Workers: 3
 Concurrent Refinement Workers: 10
 Periodic GC: Disabled
Heap:
 garbage-first heap   total 198656K, used 152158K [0x0000000740000000, 0x0000000800000000)
  region size 2048K, 24 young (49152K), 1 survivors (2048K)
 Metaspace       used 71490K, committed 72256K, reserved 1114112K
  class space    used 10050K, committed 10432K, reserved 1048576K
GC Heap History (20 events):
Event: 17.236 GC heap before
{Heap before GC invocations=23 (full 0):
 garbage-first heap   total 163840K, used 117983K [0x0000000740000000, 0x0000000800000000)
  region size 2048K, 27 young (55296K), 2 survivors (4096K)
 Metaspace       used 46279K, committed 46784K, reserved 1089536K
  class space    used 6556K, committed 6784K, reserved 1048576K
}
Event: 17.240 GC heap after
{Heap after GC invocations=24 (full 0):
 garbage-first heap   total 163840K, used 69350K [0x0000000740000000, 0x0000000800000000)
  region size 2048K, 4 young (8192K), 4 survivors (8192K)
 Metaspace       used 46279K, committed 46784K, reserved 1089536K
  class space    used 6556K, committed 6784K, reserved 1048576K
}
Event: 18.198 GC heap before
{Heap before GC invocations=24 (full 0):
 garbage-first heap   total 163840K, used 120550K [0x0000000740000000, 0x0000000800000000)
  region size 2048K, 29 young (59392K), 4 survivors (8192K)
 Metaspace       used 50066K, committed 50688K, reserved 1097728K
  class space    used 7120K, committed 7424K, reserved 1048576K
}
Event: 18.203 GC heap after
{Heap after GC invocations=25 (full 0):
 garbage-first heap   total 163840K, used 73299K [0x0000000740000000, 0x0000000800000000)
  region size 2048K, 4 young (8192K), 4 survivors (8192K)
 Metaspace       used 50066K, committed 50688K, reserved 1097728K
  class space    used 7120K, committed 7424K, reserved 1048576K
}
Event: 19.914 GC heap before
{Heap before GC invocations=25 (full 0):
 garbage-first heap   total 163840K, used 122451K [0x0000000740000000, 0x0000000800000000)
  region size 2048K, 29 young (59392K), 4 survivors (8192K)
 Metaspace       used 57237K, committed 57920K, reserved 1105920K
  class space    used 7949K, committed 8256K, reserved 1048576K
}
Event: 19.921 GC heap after
{Heap after GC invocations=26 (full 0):
 garbage-first heap   total 163840K, used 76677K [0x0000000740000000, 0x0000000800000000)
  region size 2048K, 4 young (8192K), 4 survivors (8192K)
 Metaspace       used 57237K, committed 57920K, reserved 1105920K
  class space    used 7949K, committed 8256K, reserved 1048576K
}
Event: 20.981 GC heap before
{Heap before GC invocations=26 (full 0):
 garbage-first heap   total 163840K, used 129925K [0x0000000740000000, 0x0000000800000000)
  region size 2048K, 29 young (59392K), 4 survivors (8192K)
 Metaspace       used 61716K, committed 62400K, reserved 1105920K
  class space    used 8618K, committed 8960K, reserved 1048576K
}
Event: 20.987 GC heap after
{Heap after GC invocations=27 (full 0):
 garbage-first heap   total 163840K, used 82687K [0x0000000740000000, 0x0000000800000000)
  region size 2048K, 4 young (8192K), 4 survivors (8192K)
 Metaspace       used 61716K, committed 62400K, reserved 1105920K
  class space    used 8618K, committed 8960K, reserved 1048576K
}
Event: 21.466 GC heap before
{Heap before GC invocations=27 (full 0):
 garbage-first heap   total 163840K, used 121599K [0x0000000740000000, 0x0000000800000000)
  region size 2048K, 24 young (49152K), 4 survivors (8192K)
 Metaspace       used 63236K, committed 63936K, reserved 1105920K
  class space    used 8844K, committed 9152K, reserved 1048576K
}
Event: 21.475 GC heap after
{Heap after GC invocations=28 (full 0):
 garbage-first heap   total 163840K, used 85977K [0x0000000740000000, 0x0000000800000000)
  region size 2048K, 4 young (8192K), 4 survivors (8192K)
 Metaspace       used 63236K, committed 63936K, reserved 1105920K
  class space    used 8844K, committed 9152K, reserved 1048576K
}
Event: 22.239 GC heap before
{Heap before GC invocations=29 (full 0):
 garbage-first heap   total 163840K, used 147417K [0x0000000740000000, 0x0000000800000000)
  region size 2048K, 15 young (30720K), 4 survivors (8192K)
 Metaspace       used 65222K, committed 65984K, reserved 1114112K
  class space    used 9056K, committed 9408K, reserved 1048576K
}
Event: 22.244 GC heap after
{Heap after GC invocations=30 (full 0):
 garbage-first heap   total 163840K, used 88945K [0x0000000740000000, 0x0000000800000000)
  region size 2048K, 3 young (6144K), 3 survivors (6144K)
 Metaspace       used 65222K, committed 65984K, reserved 1114112K
  class space    used 9056K, committed 9408K, reserved 1048576K
}
Event: 22.263 GC heap before
{Heap before GC invocations=30 (full 0):
 garbage-first heap   total 163840K, used 90993K [0x0000000740000000, 0x0000000800000000)
  region size 2048K, 4 young (8192K), 3 survivors (6144K)
 Metaspace       used 65283K, committed 65984K, reserved 1114112K
  class space    used 9062K, committed 9408K, reserved 1048576K
}
Event: 22.267 GC heap after
{Heap after GC invocations=31 (full 0):
 garbage-first heap   total 163840K, used 88915K [0x0000000740000000, 0x0000000800000000)
  region size 2048K, 1 young (2048K), 1 survivors (2048K)
 Metaspace       used 65283K, committed 65984K, reserved 1114112K
  class space    used 9062K, committed 9408K, reserved 1048576K
}
Event: 22.272 GC heap before
{Heap before GC invocations=31 (full 0):
 garbage-first heap   total 163840K, used 88915K [0x0000000740000000, 0x0000000800000000)
  region size 2048K, 2 young (4096K), 1 survivors (2048K)
 Metaspace       used 65291K, committed 65984K, reserved 1114112K
  class space    used 9062K, committed 9408K, reserved 1048576K
}
Event: 22.274 GC heap after
{Heap after GC invocations=32 (full 0):
 garbage-first heap   total 163840K, used 88292K [0x0000000740000000, 0x0000000800000000)
  region size 2048K, 1 young (2048K), 1 survivors (2048K)
 Metaspace       used 65291K, committed 65984K, reserved 1114112K
  class space    used 9062K, committed 9408K, reserved 1048576K
}
Event: 23.711 GC heap before
{Heap before GC invocations=33 (full 0):
 garbage-first heap   total 198656K, used 186596K [0x0000000740000000, 0x0000000800000000)
  region size 2048K, 18 young (36864K), 1 survivors (2048K)
 Metaspace       used 68080K, committed 68800K, reserved 1114112K
  class space    used 9470K, committed 9792K, reserved 1048576K
}
Event: 23.716 GC heap after
{Heap after GC invocations=34 (full 0):
 garbage-first heap   total 198656K, used 107063K [0x0000000740000000, 0x0000000800000000)
  region size 2048K, 3 young (6144K), 3 survivors (6144K)
 Metaspace       used 68080K, committed 68800K, reserved 1114112K
  class space    used 9470K, committed 9792K, reserved 1048576K
}
Event: 23.769 GC heap before
{Heap before GC invocations=34 (full 0):
 garbage-first heap   total 198656K, used 109111K [0x0000000740000000, 0x0000000800000000)
  region size 2048K, 4 young (8192K), 3 survivors (6144K)
 Metaspace       used 68300K, committed 69056K, reserved 1114112K
  class space    used 9518K, committed 9856K, reserved 1048576K
}
Event: 23.772 GC heap after
{Heap after GC invocations=35 (full 0):
 garbage-first heap   total 198656K, used 107102K [0x0000000740000000, 0x0000000800000000)
  region size 2048K, 1 young (2048K), 1 survivors (2048K)
 Metaspace       used 68300K, committed 69056K, reserved 1114112K
  class space    used 9518K, committed 9856K, reserved 1048576K
}

